  CircleRenderer.cpp
C:\Users\Nathan\Documents\GitHub\DirectXTutorial_GDENG03\DirectXGame\DirectXGame\Matrix4x4.h(154,44): warning C4244: '=': conversion from 'double' to 'float', possible loss of data
C:\Users\Nathan\Documents\GitHub\DirectXTutorial_GDENG03\DirectXGame\DirectXGame\Matrix4x4.h(155,44): warning C4244: '=': conversion from 'double' to 'float', possible loss of data
C:\Users\Nathan\Documents\GitHub\DirectXTutorial_GDENG03\DirectXGame\DirectXGame\Matrix4x4.h(156,44): warning C4244: '=': conversion from 'double' to 'float', possible loss of data
C:\Users\Nathan\Documents\GitHub\DirectXTutorial_GDENG03\DirectXGame\DirectXGame\Matrix4x4.h(157,44): warning C4244: '=': conversion from 'double' to 'float', possible loss of data
C:\Users\Nathan\Documents\GitHub\DirectXTutorial_GDENG03\DirectXGame\DirectXGame\CircleRenderer.cpp(31,37): warning C4267: 'initializing': conversion from 'size_t' to 'UINT', possible loss of data
C:\Users\Nathan\Documents\GitHub\DirectXTutorial_GDENG03\DirectXGame\DirectXGame\CircleRenderer.cpp(32,146): warning C4267: 'argument': conversion from 'size_t' to 'UINT', possible loss of data
C:\Users\Nathan\Documents\GitHub\DirectXTutorial_GDENG03\DirectXGame\DirectXGame\CircleRenderer.cpp(59,42): warning C4267: 'initializing': conversion from 'size_t' to 'UINT', possible loss of data
  CubeRenderer.cpp
C:\Users\Nathan\Documents\GitHub\DirectXTutorial_GDENG03\DirectXGame\DirectXGame\Matrix4x4.h(154,44): warning C4244: '=': conversion from 'double' to 'float', possible loss of data
C:\Users\Nathan\Documents\GitHub\DirectXTutorial_GDENG03\DirectXGame\DirectXGame\Matrix4x4.h(155,44): warning C4244: '=': conversion from 'double' to 'float', possible loss of data
C:\Users\Nathan\Documents\GitHub\DirectXTutorial_GDENG03\DirectXGame\DirectXGame\Matrix4x4.h(156,44): warning C4244: '=': conversion from 'double' to 'float', possible loss of data
C:\Users\Nathan\Documents\GitHub\DirectXTutorial_GDENG03\DirectXGame\DirectXGame\Matrix4x4.h(157,44): warning C4244: '=': conversion from 'double' to 'float', possible loss of data
C:\Users\Nathan\Documents\GitHub\DirectXTutorial_GDENG03\DirectXGame\DirectXGame\CubeRenderer.cpp(38,139): warning C4267: 'argument': conversion from 'size_t' to 'UINT', possible loss of data
  DeviceContext.cpp
  QuadRenderer.cpp
C:\Users\Nathan\Documents\GitHub\DirectXTutorial_GDENG03\DirectXGame\DirectXGame\Matrix4x4.h(154,44): warning C4244: '=': conversion from 'double' to 'float', possible loss of data
C:\Users\Nathan\Documents\GitHub\DirectXTutorial_GDENG03\DirectXGame\DirectXGame\Matrix4x4.h(155,44): warning C4244: '=': conversion from 'double' to 'float', possible loss of data
C:\Users\Nathan\Documents\GitHub\DirectXTutorial_GDENG03\DirectXGame\DirectXGame\Matrix4x4.h(156,44): warning C4244: '=': conversion from 'double' to 'float', possible loss of data
C:\Users\Nathan\Documents\GitHub\DirectXTutorial_GDENG03\DirectXGame\DirectXGame\Matrix4x4.h(157,44): warning C4244: '=': conversion from 'double' to 'float', possible loss of data
C:\Users\Nathan\Documents\GitHub\DirectXTutorial_GDENG03\DirectXGame\DirectXGame\QuadRenderer.cpp(47,139): warning C4267: 'argument': conversion from 'size_t' to 'UINT', possible loss of data
  VertexShader.cpp
C:\Users\Nathan\Documents\GitHub\DirectXTutorial_GDENG03\DirectXGame\DirectXGame\Matrix4x4.h(154,44): warning C4244: '=': conversion from 'double' to 'float', possible loss of data
C:\Users\Nathan\Documents\GitHub\DirectXTutorial_GDENG03\DirectXGame\DirectXGame\Matrix4x4.h(155,44): warning C4244: '=': conversion from 'double' to 'float', possible loss of data
C:\Users\Nathan\Documents\GitHub\DirectXTutorial_GDENG03\DirectXGame\DirectXGame\Matrix4x4.h(156,44): warning C4244: '=': conversion from 'double' to 'float', possible loss of data
C:\Users\Nathan\Documents\GitHub\DirectXTutorial_GDENG03\DirectXGame\DirectXGame\Matrix4x4.h(157,44): warning C4244: '=': conversion from 'double' to 'float', possible loss of data
  Generating Code...
  DirectXGame.vcxproj -> C:\Users\Nathan\Documents\GitHub\DirectXTutorial_GDENG03\DirectXGame\x64\Debug\DirectXGame.exe
